<?xml version="1.0" encoding="UTF-8"?>
<Site BuildName="(empty)"
	BuildStamp="20240816-0113-Experimental"
	Name="krel-Ubuntu"
	Generator="ctest-3.22.1"
	CompilerName="/usr/bin/c++"
	CompilerVersion="11.4.0"
	OSName="Linux"
	Hostname="krel-Ubuntu"
	OSRelease="6.8.0-40-generic"
	OSVersion="#40~22.04.3-Ubuntu SMP PREEMPT_DYNAMIC Tue Jul 30 17:30:19 UTC 2"
	OSPlatform="x86_64"
	Is64Bits="1"
	VendorString="AuthenticAMD"
	VendorID="Advanced Micro Devices"
	FamilyID="25"
	ModelID="97"
	ProcessorCacheSize="1024"
	NumberOfLogicalCPU="32"
	NumberOfPhysicalCPU="16"
	TotalVirtualMemory="2047"
	TotalPhysicalMemory="31290"
	LogicalProcessorsPerPhysical="2"
	ProcessorClockFrequency="5158.49"
	>
	<Testing>
		<StartDateTime>Aug 16 15:00 AEST</StartDateTime>
		<StartTestTime>1723784428</StartTestTime>
		<TestList/>
		<EndDateTime>Aug 16 15:00 AEST</EndDateTime>
		<EndTestTime>1723784428</EndTestTime>
		<ElapsedMinutes>0</ElapsedMinutes>
	</Testing>
</Site>
